# JRE version: Java(TM) SE Runtime Environment (11.0.1+13) (build 11.0.1+13-LTS)
# Java VM: Java HotSpot(TM) 64-Bit Server VM (11.0.1+13-LTS, mixed mode, tiered, compressed oops, g1 gc, windows-amd64)
Heap:
 garbage-first heap   total 3035136K, used 116321K [0x0000000601e00000, 0x0000000800000000)
  region size 2048K, 1 young (2048K), 1 survivors (2048K)
 Metaspace       used 7952K, capacity 8100K, committed 8192K, reserved 1056768K
  class space    used 717K, capacity 760K, committed 768K, reserved 1048576K
GC Heap History (10 events):
Event: 1.404 GC heap after
{Heap after GC invocations=4 (full 0):
 garbage-first heap   total 524288K, used 38463K [0x0000000601e00000, 0x0000000800000000)
  region size 2048K, 1 young (2048K), 1 survivors (2048K)
 Metaspace       used 7952K, capacity 8100K, committed 8192K, reserved 1056768K
  class space    used 717K, capacity 760K, committed 768K, reserved 1048576K
}
Event: 1.460 GC heap before
{Heap before GC invocations=4 (full 0):
 garbage-first heap   total 524288K, used 77375K [0x0000000601e00000, 0x0000000800000000)
  region size 2048K, 12 young (24576K), 1 survivors (2048K)
 Metaspace       used 7952K, capacity 8100K, committed 8192K, reserved 1056768K
  class space    used 717K, capacity 760K, committed 768K, reserved 1048576K
}
Event: 1.766 GC heap after
{Heap after GC invocations=5 (full 0):
 garbage-first heap   total 1011712K, used 54818K [0x0000000601e00000, 0x0000000800000000)
  region size 2048K, 1 young (2048K), 1 survivors (2048K)
 Metaspace       used 7952K, capacity 8100K, committed 8192K, reserved 1056768K
  class space    used 717K, capacity 760K, committed 768K, reserved 1048576K
}
Event: 1.875 GC heap before
{Heap before GC invocations=5 (full 0):
 garbage-first heap   total 1011712K, used 101922K [0x0000000601e00000, 0x0000000800000000)
  region size 2048K, 24 young (49152K), 1 survivors (2048K)
 Metaspace       used 7952K, capacity 8100K, committed 8192K, reserved 1056768K
  class space    used 717K, capacity 760K, committed 768K, reserved 1048576K
}
Event: 1.934 GC heap after
{Heap after GC invocations=6 (full 0):
 garbage-first heap   total 1011712K, used 54818K [0x0000000601e00000, 0x0000000800000000)
  region size 2048K, 1 young (2048K), 1 survivors (2048K)
 Metaspace       used 7952K, capacity 8100K, committed 8192K, reserved 1056768K
  class space    used 717K, capacity 760K, committed 768K, reserved 1048576K
}
Event: 2.049 GC heap before
{Heap before GC invocations=6 (full 0):
 garbage-first heap   total 1011712K, used 126498K [0x0000000601e00000, 0x0000000800000000)
  region size 2048K, 24 young (49152K), 1 survivors (2048K)
 Metaspace       used 7952K, capacity 8100K, committed 8192K, reserved 1056768K
  class space    used 717K, capacity 760K, committed 768K, reserved 1048576K
}
Event: 2.134 GC heap after
{Heap after GC invocations=7 (full 0):
 garbage-first heap   total 1011712K, used 79474K [0x0000000601e00000, 0x0000000800000000)
  region size 2048K, 1 young (2048K), 1 survivors (2048K)
 Metaspace       used 7952K, capacity 8100K, committed 8192K, reserved 1056768K
  class space    used 717K, capacity 760K, committed 768K, reserved 1048576K
}
Event: 2.234 GC heap before
{Heap before GC invocations=7 (full 0):
 garbage-first heap   total 1011712K, used 126578K [0x0000000601e00000, 0x0000000800000000)
  region size 2048K, 24 young (49152K), 1 survivors (2048K)
 Metaspace       used 7952K, capacity 8100K, committed 8192K, reserved 1056768K
  class space    used 717K, capacity 760K, committed 768K, reserved 1048576K
}
Event: 2.326 GC heap after
{Heap after GC invocations=8 (full 0):
 garbage-first heap   total 1011712K, used 79445K [0x0000000601e00000, 0x0000000800000000)
  region size 2048K, 1 young (2048K), 1 survivors (2048K)
 Metaspace       used 7952K, capacity 8100K, committed 8192K, reserved 1056768K
  class space    used 717K, capacity 760K, committed 768K, reserved 1048576K
}
Event: 2.463 GC heap before
{Heap before GC invocations=8 (full 0):
 garbage-first heap   total 1011712K, used 163413K [0x0000000601e00000, 0x0000000800000000)
  region size 2048K, 24 young (49152K), 1 survivors (2048K)
 Metaspace       used 7952K, capacity 8100K, committed 8192K, reserved 1056768K
  class space    used 717K, capacity 760K, committed 768K, reserved 1048576K
}

